{"name": "test_login[test03-test03-http://115.28.108.130/newecshop/admin/privilege.php]", "status": "broken", "statusDetails": {"message": "selenium.common.exceptions.WebDriverException: Message: unknown error: cannot find Chrome binary\nStacktrace:\nBacktrace:\n\tGetHandleVerifier [0x0056DCE3+50899]\n\t(No symbol) [0x004FE111]\n\t(No symbol) [0x00405588]\n\t(No symbol) [0x00420AAB]\n\t(No symbol) [0x0041F479]\n\t(No symbol) [0x00451FFE]\n\t(No symbol) [0x00451CEC]\n\t(No symbol) [0x0044B6F6]\n\t(No symbol) [0x00427708]\n\t(No symbol) [0x0042886D]\n\tGetHandleVerifier [0x007D3EAE+2566302]\n\tGetHandleVerifier [0x008092B1+2784417]\n\tGetHandleVerifier [0x0080327C+2759788]\n\tGetHandleVerifier [0x00605740+672048]\n\t(No symbol) [0x00508872]\n\t(No symbol) [0x005041C8]\n\t(No symbol) [0x005042AB]\n\t(No symbol) [0x004F71B7]\n\tBaseThreadInitThunk [0x767A0099+25]\n\tRtlGetAppContainerNamedObjectPath [0x772D7B6E+286]\n\tRtlGetAppContainerNamedObjectPath [0x772D7B3E+238]", "trace": "@pytest.fixture()\n    def driver_ecshop():\n       global driver #全局变量\n>      driver=webdriver.Chrome(r'D:\\python3.10.0\\Scripts\\chromedriver.exe')\n\ntestcase\\conftest.py:40: \n_ _ _ _ _ _ _ _ _ _ _ _ _ _ _ _ _ _ _ _ _ _ _ _ _ _ _ _ _ _ _ _ _ _ _ _ _ _ _ _\nd:\\python3.10.0\\lib\\site-packages\\selenium\\webdriver\\chrome\\webdriver.py:80: in __init__\n    super().__init__(\nd:\\python3.10.0\\lib\\site-packages\\selenium\\webdriver\\chromium\\webdriver.py:104: in __init__\n    super().__init__(\nd:\\python3.10.0\\lib\\site-packages\\selenium\\webdriver\\remote\\webdriver.py:286: in __init__\n    self.start_session(capabilities, browser_profile)\nd:\\python3.10.0\\lib\\site-packages\\selenium\\webdriver\\remote\\webdriver.py:378: in start_session\n    response = self.execute(Command.NEW_SESSION, parameters)\nd:\\python3.10.0\\lib\\site-packages\\selenium\\webdriver\\remote\\webdriver.py:440: in execute\n    self.error_handler.check_response(response)\n_ _ _ _ _ _ _ _ _ _ _ _ _ _ _ _ _ _ _ _ _ _ _ _ _ _ _ _ _ _ _ _ _ _ _ _ _ _ _ _\n\nself = <selenium.webdriver.remote.errorhandler.ErrorHandler object at 0x000001FB0A6CA4A0>\nresponse = {'status': 500, 'value': '{\"value\":{\"error\":\"unknown error\",\"message\":\"unknown error: cannot find Chrome binary\",\"stac...\\n\\\\tRtlGetAppContainerNamedObjectPath [0x772D7B6E+286]\\\\n\\\\tRtlGetAppContainerNamedObjectPath [0x772D7B3E+238]\\\\n\"}}'}\n\n    def check_response(self, response: Dict[str, Any]) -> None:\n        \"\"\"Checks that a JSON response from the WebDriver does not have an\n        error.\n    \n        :Args:\n         - response - The JSON response from the WebDriver server as a dictionary\n           object.\n    \n        :Raises: If the response contains an error message.\n        \"\"\"\n        status = response.get(\"status\", None)\n        if not status or status == ErrorCode.SUCCESS:\n            return\n        value = None\n        message = response.get(\"message\", \"\")\n        screen: str = response.get(\"screen\", \"\")\n        stacktrace = None\n        if isinstance(status, int):\n            value_json = response.get(\"value\", None)\n            if value_json and isinstance(value_json, str):\n                import json\n    \n                try:\n                    value = json.loads(value_json)\n                    if len(value) == 1:\n                        value = value[\"value\"]\n                    status = value.get(\"error\", None)\n                    if not status:\n                        status = value.get(\"status\", ErrorCode.UNKNOWN_ERROR)\n                        message = value.get(\"value\") or value.get(\"message\")\n                        if not isinstance(message, str):\n                            value = message\n                            message = message.get(\"message\")\n                    else:\n                        message = value.get(\"message\", None)\n                except ValueError:\n                    pass\n    \n        exception_class: Type[WebDriverException]\n        if status in ErrorCode.NO_SUCH_ELEMENT:\n            exception_class = NoSuchElementException\n        elif status in ErrorCode.NO_SUCH_FRAME:\n            exception_class = NoSuchFrameException\n        elif status in ErrorCode.NO_SUCH_SHADOW_ROOT:\n            exception_class = NoSuchShadowRootException\n        elif status in ErrorCode.NO_SUCH_WINDOW:\n            exception_class = NoSuchWindowException\n        elif status in ErrorCode.STALE_ELEMENT_REFERENCE:\n            exception_class = StaleElementReferenceException\n        elif status in ErrorCode.ELEMENT_NOT_VISIBLE:\n            exception_class = ElementNotVisibleException\n        elif status in ErrorCode.INVALID_ELEMENT_STATE:\n            exception_class = InvalidElementStateException\n        elif (\n            status in ErrorCode.INVALID_SELECTOR\n            or status in ErrorCode.INVALID_XPATH_SELECTOR\n            or status in ErrorCode.INVALID_XPATH_SELECTOR_RETURN_TYPER\n        ):\n            exception_class = InvalidSelectorException\n        elif status in ErrorCode.ELEMENT_IS_NOT_SELECTABLE:\n            exception_class = ElementNotSelectableException\n        elif status in ErrorCode.ELEMENT_NOT_INTERACTABLE:\n            exception_class = ElementNotInteractableException\n        elif status in ErrorCode.INVALID_COOKIE_DOMAIN:\n            exception_class = InvalidCookieDomainException\n        elif status in ErrorCode.UNABLE_TO_SET_COOKIE:\n            exception_class = UnableToSetCookieException\n        elif status in ErrorCode.TIMEOUT:\n            exception_class = TimeoutException\n        elif status in ErrorCode.SCRIPT_TIMEOUT:\n            exception_class = TimeoutException\n        elif status in ErrorCode.UNKNOWN_ERROR:\n            exception_class = WebDriverException\n        elif status in ErrorCode.UNEXPECTED_ALERT_OPEN:\n            exception_class = UnexpectedAlertPresentException\n        elif status in ErrorCode.NO_ALERT_OPEN:\n            exception_class = NoAlertPresentException\n        elif status in ErrorCode.IME_NOT_AVAILABLE:\n            exception_class = ImeNotAvailableException\n        elif status in ErrorCode.IME_ENGINE_ACTIVATION_FAILED:\n            exception_class = ImeActivationFailedException\n        elif status in ErrorCode.MOVE_TARGET_OUT_OF_BOUNDS:\n            exception_class = MoveTargetOutOfBoundsException\n        elif status in ErrorCode.JAVASCRIPT_ERROR:\n            exception_class = JavascriptException\n        elif status in ErrorCode.SESSION_NOT_CREATED:\n            exception_class = SessionNotCreatedException\n        elif status in ErrorCode.INVALID_ARGUMENT:\n            exception_class = InvalidArgumentException\n        elif status in ErrorCode.NO_SUCH_COOKIE:\n            exception_class = NoSuchCookieException\n        elif status in ErrorCode.UNABLE_TO_CAPTURE_SCREEN:\n            exception_class = ScreenshotException\n        elif status in ErrorCode.ELEMENT_CLICK_INTERCEPTED:\n            exception_class = ElementClickInterceptedException\n        elif status in ErrorCode.INSECURE_CERTIFICATE:\n            exception_class = InsecureCertificateException\n        elif status in ErrorCode.INVALID_COORDINATES:\n            exception_class = InvalidCoordinatesException\n        elif status in ErrorCode.INVALID_SESSION_ID:\n            exception_class = InvalidSessionIdException\n        elif status in ErrorCode.UNKNOWN_METHOD:\n            exception_class = UnknownMethodException\n        else:\n            exception_class = WebDriverException\n        if not value:\n            value = response[\"value\"]\n        if isinstance(value, str):\n            raise exception_class(value)\n        if message == \"\" and \"message\" in value:\n            message = value[\"message\"]\n    \n        screen = None  # type: ignore[assignment]\n        if \"screen\" in value:\n            screen = value[\"screen\"]\n    \n        stacktrace = None\n        st_value = value.get(\"stackTrace\") or value.get(\"stacktrace\")\n        if st_value:\n            if isinstance(st_value, str):\n                stacktrace = st_value.split(\"\\n\")\n            else:\n                stacktrace = []\n                try:\n                    for frame in st_value:\n                        line = frame.get(\"lineNumber\", \"\")\n                        file = frame.get(\"fileName\", \"<anonymous>\")\n                        if line:\n                            file = f\"{file}:{line}\"\n                        meth = frame.get(\"methodName\", \"<anonymous>\")\n                        if \"className\" in frame:\n                            meth = f\"{frame['className']}.{meth}\"\n                        msg = \"    at %s (%s)\"\n                        msg = msg % (meth, file)\n                        stacktrace.append(msg)\n                except TypeError:\n                    pass\n        if exception_class == UnexpectedAlertPresentException:\n            alert_text = None\n            if \"data\" in value:\n                alert_text = value[\"data\"].get(\"text\")\n            elif \"alert\" in value:\n                alert_text = value[\"alert\"].get(\"text\")\n            raise exception_class(message, screen, stacktrace, alert_text)  # type: ignore[call-arg]  # mypy is not smart enough here\n>       raise exception_class(message, screen, stacktrace)\nE       selenium.common.exceptions.WebDriverException: Message: unknown error: cannot find Chrome binary\nE       Stacktrace:\nE       Backtrace:\nE       \tGetHandleVerifier [0x0056DCE3+50899]\nE       \t(No symbol) [0x004FE111]\nE       \t(No symbol) [0x00405588]\nE       \t(No symbol) [0x00420AAB]\nE       \t(No symbol) [0x0041F479]\nE       \t(No symbol) [0x00451FFE]\nE       \t(No symbol) [0x00451CEC]\nE       \t(No symbol) [0x0044B6F6]\nE       \t(No symbol) [0x00427708]\nE       \t(No symbol) [0x0042886D]\nE       \tGetHandleVerifier [0x007D3EAE+2566302]\nE       \tGetHandleVerifier [0x008092B1+2784417]\nE       \tGetHandleVerifier [0x0080327C+2759788]\nE       \tGetHandleVerifier [0x00605740+672048]\nE       \t(No symbol) [0x00508872]\nE       \t(No symbol) [0x005041C8]\nE       \t(No symbol) [0x005042AB]\nE       \t(No symbol) [0x004F71B7]\nE       \tBaseThreadInitThunk [0x767A0099+25]\nE       \tRtlGetAppContainerNamedObjectPath [0x772D7B6E+286]\nE       \tRtlGetAppContainerNamedObjectPath [0x772D7B3E+238]\n\nd:\\python3.10.0\\lib\\site-packages\\selenium\\webdriver\\remote\\errorhandler.py:245: WebDriverException"}, "parameters": [{"name": "username", "value": "'test03'"}, {"name": "password", "value": "'test03'"}, {"name": "msg", "value": "'http://115.28.108.130/newecshop/admin/privilege.php'"}], "start": 1683882828017, "stop": 1683882828017, "uuid": "e8ae981d-7d04-47b5-b9b8-711ee7a9ae2c", "historyId": "adf59340a0a05db5590b81522a3e63d7", "testCaseId": "f88e34ddd4b46fd1bd296ba7e2d9e8b8", "fullName": "testcase.test_esshop#test_login", "labels": [{"name": "parentSuite", "value": "testcase"}, {"name": "suite", "value": "test_esshop"}, {"name": "host", "value": "CHINAMI-G3FD9MR"}, {"name": "thread", "value": "22132-MainThread"}, {"name": "framework", "value": "pytest"}, {"name": "language", "value": "cpython3"}, {"name": "package", "value": "testcase.test_esshop"}]}